{"/Users/kamilcieplicki/repos/trending-gh-projects/components/List/index.tsx": {"path":"/Users/kamilcieplicki/repos/trending-gh-projects/components/List/index.tsx","statementMap":{"0":{"start":{"line":7,"column":43},"end":{"line":13,"column":1}},"1":{"start":{"line":8,"column":2},"end":{"line":12,"column":5}}},"fnMap":{"0":{"name":"(anonymous_0)","decl":{"start":{"line":7,"column":43},"end":{"line":7,"column":44}},"loc":{"start":{"line":7,"column":49},"end":{"line":13,"column":1}},"line":7}},"branchMap":{},"s":{"0":2,"1":2},"f":{"0":2},"b":{},"_coverageSchema":"1a1c01bbd47fc00a2c39e90264f33305004495a9","hash":"0b6c7bcbcdaab367eebd37b2fecf5d69ad7fb704"}
,"/Users/kamilcieplicki/repos/trending-gh-projects/pages/_app.tsx": {"path":"/Users/kamilcieplicki/repos/trending-gh-projects/pages/_app.tsx","statementMap":{"0":{"start":{"line":8,"column":20},"end":{"line":8,"column":37}},"1":{"start":{"line":11,"column":2},"end":{"line":15,"column":3}}},"fnMap":{"0":{"name":"App","decl":{"start":{"line":10,"column":9},"end":{"line":10,"column":12}},"loc":{"start":{"line":10,"column":49},"end":{"line":17,"column":1}},"line":10}},"branchMap":{},"s":{"0":0,"1":0},"f":{"0":0},"b":{}}
,"/Users/kamilcieplicki/repos/trending-gh-projects/pages/index.tsx": {"path":"/Users/kamilcieplicki/repos/trending-gh-projects/pages/index.tsx","statementMap":{"0":{"start":{"line":7,"column":23},"end":{"line":35,"column":1}},"1":{"start":{"line":8,"column":2},"end":{"line":34,"column":3}}},"fnMap":{"0":{"name":"(anonymous_0)","decl":{"start":{"line":7,"column":23},"end":{"line":7,"column":24}},"loc":{"start":{"line":7,"column":29},"end":{"line":35,"column":1}},"line":7}},"branchMap":{},"s":{"0":2,"1":2},"f":{"0":2},"b":{},"_coverageSchema":"1a1c01bbd47fc00a2c39e90264f33305004495a9","hash":"07bec8db72c70bccc0454f3f14285d275bf4914e"}
}
