{"/Users/kamilcieplicki/repos/trending-gh-projects/pages/index.tsx": {"path":"/Users/kamilcieplicki/repos/trending-gh-projects/pages/index.tsx","statementMap":{"0":{"start":{"line":12,"column":23},"end":{"line":87,"column":1}},"1":{"start":{"line":21,"column":24},"end":{"line":21,"column":73}},"2":{"start":{"line":21,"column":59},"end":{"line":21,"column":72}},"3":{"start":{"line":23,"column":19},"end":{"line":23,"column":32}},"4":{"start":{"line":25,"column":23},"end":{"line":42,"column":3}},"5":{"start":{"line":26,"column":4},"end":{"line":28,"column":5}},"6":{"start":{"line":27,"column":6},"end":{"line":27,"column":62}},"7":{"start":{"line":29,"column":4},"end":{"line":31,"column":5}},"8":{"start":{"line":30,"column":6},"end":{"line":30,"column":42}},"9":{"start":{"line":32,"column":4},"end":{"line":34,"column":5}},"10":{"start":{"line":33,"column":6},"end":{"line":33,"column":46}},"11":{"start":{"line":35,"column":4},"end":{"line":37,"column":5}},"12":{"start":{"line":36,"column":6},"end":{"line":36,"column":27}},"13":{"start":{"line":38,"column":4},"end":{"line":40,"column":5}},"14":{"start":{"line":39,"column":6},"end":{"line":39,"column":72}},"15":{"start":{"line":41,"column":4},"end":{"line":41,"column":17}},"16":{"start":{"line":45,"column":2},"end":{"line":47,"column":17}},"17":{"start":{"line":46,"column":4},"end":{"line":46,"column":40}},"18":{"start":{"line":50,"column":2},"end":{"line":52,"column":40}},"19":{"start":{"line":51,"column":4},"end":{"line":51,"column":76}},"20":{"start":{"line":54,"column":2},"end":{"line":86,"column":3}}},"fnMap":{"0":{"name":"(anonymous_0)","decl":{"start":{"line":12,"column":23},"end":{"line":12,"column":24}},"loc":{"start":{"line":12,"column":29},"end":{"line":87,"column":1}},"line":12},"1":{"name":"(anonymous_1)","decl":{"start":{"line":21,"column":36},"end":{"line":21,"column":37}},"loc":{"start":{"line":21,"column":59},"end":{"line":21,"column":72}},"line":21},"2":{"name":"(anonymous_2)","decl":{"start":{"line":25,"column":23},"end":{"line":25,"column":24}},"loc":{"start":{"line":25,"column":29},"end":{"line":42,"column":3}},"line":25},"3":{"name":"(anonymous_3)","decl":{"start":{"line":45,"column":12},"end":{"line":45,"column":13}},"loc":{"start":{"line":45,"column":18},"end":{"line":47,"column":3}},"line":45},"4":{"name":"(anonymous_4)","decl":{"start":{"line":50,"column":12},"end":{"line":50,"column":13}},"loc":{"start":{"line":50,"column":18},"end":{"line":52,"column":3}},"line":50}},"branchMap":{"0":{"loc":{"start":{"line":26,"column":4},"end":{"line":28,"column":5}},"type":"if","locations":[{"start":{"line":26,"column":4},"end":{"line":28,"column":5}},{"start":{},"end":{}}],"line":26},"1":{"loc":{"start":{"line":29,"column":4},"end":{"line":31,"column":5}},"type":"if","locations":[{"start":{"line":29,"column":4},"end":{"line":31,"column":5}},{"start":{},"end":{}}],"line":29},"2":{"loc":{"start":{"line":32,"column":4},"end":{"line":34,"column":5}},"type":"if","locations":[{"start":{"line":32,"column":4},"end":{"line":34,"column":5}},{"start":{},"end":{}}],"line":32},"3":{"loc":{"start":{"line":35,"column":4},"end":{"line":37,"column":5}},"type":"if","locations":[{"start":{"line":35,"column":4},"end":{"line":37,"column":5}},{"start":{},"end":{}}],"line":35},"4":{"loc":{"start":{"line":38,"column":4},"end":{"line":40,"column":5}},"type":"if","locations":[{"start":{"line":38,"column":4},"end":{"line":40,"column":5}},{"start":{},"end":{}}],"line":38}},"s":{"0":2,"1":6,"2":0,"3":0,"4":0,"5":0,"6":0,"7":0,"8":0,"9":0,"10":0,"11":0,"12":0,"13":0,"14":0,"15":0,"16":0,"17":0,"18":0,"19":0,"20":0},"f":{"0":6,"1":0,"2":0,"3":0,"4":0},"b":{"0":[0,0],"1":[0,0],"2":[0,0],"3":[0,0],"4":[0,0]},"_coverageSchema":"1a1c01bbd47fc00a2c39e90264f33305004495a9","hash":"755be40e9d2d2b1a170193720f621d424cd9f8aa"}
,"/Users/kamilcieplicki/repos/trending-gh-projects/src/components/EmptyData.tsx": {"path":"/Users/kamilcieplicki/repos/trending-gh-projects/src/components/EmptyData.tsx","statementMap":{"0":{"start":{"line":4,"column":25},"end":{"line":6,"column":1}},"1":{"start":{"line":8,"column":22},"end":{"line":9,"column":46}},"2":{"start":{"line":9,"column":2},"end":{"line":9,"column":46}}},"fnMap":{"0":{"name":"(anonymous_0)","decl":{"start":{"line":8,"column":22},"end":{"line":8,"column":23}},"loc":{"start":{"line":9,"column":2},"end":{"line":9,"column":46}},"line":9}},"branchMap":{},"s":{"0":3,"1":3,"2":1},"f":{"0":1},"b":{},"_coverageSchema":"1a1c01bbd47fc00a2c39e90264f33305004495a9","hash":"3b276c5415d029f86439900689ae5a3fe7d2cac8"}
,"/Users/kamilcieplicki/repos/trending-gh-projects/src/containers/List.tsx": {"path":"/Users/kamilcieplicki/repos/trending-gh-projects/src/containers/List.tsx","statementMap":{"0":{"start":{"line":9,"column":22},"end":{"line":15,"column":1}},"1":{"start":{"line":17,"column":20},"end":{"line":19,"column":1}},"2":{"start":{"line":21,"column":15},"end":{"line":23,"column":1}},"3":{"start":{"line":25,"column":20},"end":{"line":31,"column":1}},"4":{"start":{"line":33,"column":28},"end":{"line":72,"column":1}},"5":{"start":{"line":34,"column":19},"end":{"line":34,"column":32}},"6":{"start":{"line":35,"column":19},"end":{"line":35,"column":24}},"7":{"start":{"line":37,"column":22},"end":{"line":41,"column":3}},"8":{"start":{"line":38,"column":4},"end":{"line":38,"column":23}},"9":{"start":{"line":39,"column":17},"end":{"line":39,"column":31}},"10":{"start":{"line":40,"column":4},"end":{"line":40,"column":37}},"11":{"start":{"line":43,"column":2},"end":{"line":71,"column":3}},"12":{"start":{"line":50,"column":14},"end":{"line":50,"column":51}},"13":{"start":{"line":62,"column":10},"end":{"line":68,"column":24}}},"fnMap":{"0":{"name":"(anonymous_0)","decl":{"start":{"line":33,"column":28},"end":{"line":33,"column":29}},"loc":{"start":{"line":33,"column":50},"end":{"line":72,"column":1}},"line":33},"1":{"name":"(anonymous_1)","decl":{"start":{"line":37,"column":22},"end":{"line":37,"column":23}},"loc":{"start":{"line":37,"column":61},"end":{"line":41,"column":3}},"line":37},"2":{"name":"(anonymous_2)","decl":{"start":{"line":49,"column":33},"end":{"line":49,"column":34}},"loc":{"start":{"line":50,"column":14},"end":{"line":50,"column":51}},"line":50},"3":{"name":"(anonymous_3)","decl":{"start":{"line":55,"column":18},"end":{"line":55,"column":19}},"loc":{"start":{"line":62,"column":10},"end":{"line":68,"column":24}},"line":62}},"branchMap":{},"s":{"0":2,"1":2,"2":2,"3":2,"4":2,"5":0,"6":0,"7":0,"8":0,"9":0,"10":0,"11":0,"12":0,"13":0},"f":{"0":0,"1":0,"2":0,"3":0},"b":{},"_coverageSchema":"1a1c01bbd47fc00a2c39e90264f33305004495a9","hash":"c1803785e5643934a1ed90f16e7f7d02c47e89df"}
}
